<?xml version="1.0" encoding="UTF-8"?>
<testsuite name="BlogServiceTest" tests="1" skipped="0" failures="0" errors="0" timestamp="2022-02-15T03:17:30" hostname="LAPTOP-IVEN8C8F" time="0.052">
  <properties/>
  <testcase name="testFindById()" classname="BlogServiceTest" time="0.052"/>
  <system-out><![CDATA[]]></system-out>
  <system-err><![CDATA[SLF4J: Failed to load class "org.slf4j.impl.StaticLoggerBinder".
SLF4J: Defaulting to no-operation (NOP) logger implementation
SLF4J: See http://www.slf4j.org/codes.html#StaticLoggerBinder for further details.
]]></system-err>
</testsuite>
